<?xml version="1.0" encoding="UTF-8"?>
<testng-results skipped="0" failed="1" ignored="0" total="2" passed="1">
  <reporter-output>
  </reporter-output>
  <suite name="Default suite" duration-ms="45092" started-at="2020-08-19T02:49:21 IST" finished-at="2020-08-19T02:50:07 IST">
    <groups>
    </groups>
    <test name="Default test" duration-ms="45092" started-at="2020-08-19T02:49:21 IST" finished-at="2020-08-19T02:50:07 IST">
      <class name="demo.NewTestNg">
        <test-method status="PASS" signature="beforeClass()[pri:0, instance:demo.NewTestNg@c46bcd4]" name="beforeClass" is-config="true" duration-ms="4533" started-at="2020-08-19T02:49:22 IST" finished-at="2020-08-19T02:49:26 IST">
          <reporter-output>
          </reporter-output>
        </test-method> <!-- beforeClass -->
        <test-method status="FAIL" signature="commands()[pri:0, instance:demo.NewTestNg@c46bcd4]" name="commands" duration-ms="29238" started-at="2020-08-19T02:49:26 IST" finished-at="2020-08-19T02:49:55 IST">
          <exception class="java.lang.AssertionError">
            <message>
              <![CDATA[expected [Facebook - Log In or Sign Up] but found [Facebook – log in or sign up]]]>
            </message>
            <full-stacktrace>
              <![CDATA[java.lang.AssertionError: expected [Facebook - Log In or Sign Up] but found [Facebook – log in or sign up]
at org.testng.Assert.fail(Assert.java:97)
at org.testng.Assert.assertEqualsImpl(Assert.java:136)
at org.testng.Assert.assertEquals(Assert.java:118)
at org.testng.Assert.assertEquals(Assert.java:575)
at org.testng.Assert.assertEquals(Assert.java:585)
at demo.NewTestNg.commands(NewTestNg.java:38)
at sun.reflect.NativeMethodAccessorImpl.invoke0(Native Method)
at sun.reflect.NativeMethodAccessorImpl.invoke(Unknown Source)
at sun.reflect.DelegatingMethodAccessorImpl.invoke(Unknown Source)
at java.lang.reflect.Method.invoke(Unknown Source)
at org.testng.internal.MethodInvocationHelper.invokeMethod(MethodInvocationHelper.java:135)
at org.testng.internal.TestInvoker.invokeMethod(TestInvoker.java:598)
at org.testng.internal.TestInvoker.invokeTestMethod(TestInvoker.java:174)
at org.testng.internal.MethodRunner.runInSequence(MethodRunner.java:46)
at org.testng.internal.TestInvoker$MethodInvocationAgent.invoke(TestInvoker.java:821)
at org.testng.internal.TestInvoker.invokeTestMethods(TestInvoker.java:147)
at org.testng.internal.TestMethodWorker.invokeTestMethods(TestMethodWorker.java:146)
at org.testng.internal.TestMethodWorker.run(TestMethodWorker.java:128)
at java.util.ArrayList.forEach(Unknown Source)
at org.testng.TestRunner.privateRun(TestRunner.java:767)
at org.testng.TestRunner.run(TestRunner.java:588)
at org.testng.SuiteRunner.runTest(SuiteRunner.java:384)
at org.testng.SuiteRunner.runSequentially(SuiteRunner.java:378)
at org.testng.SuiteRunner.privateRun(SuiteRunner.java:337)
at org.testng.SuiteRunner.run(SuiteRunner.java:286)
at org.testng.SuiteRunnerWorker.runSuite(SuiteRunnerWorker.java:53)
at org.testng.SuiteRunnerWorker.run(SuiteRunnerWorker.java:96)
at org.testng.TestNG.runSuitesSequentially(TestNG.java:1214)
at org.testng.TestNG.runSuitesLocally(TestNG.java:1136)
at org.testng.TestNG.runSuites(TestNG.java:1066)
at org.testng.TestNG.run(TestNG.java:1034)
at org.testng.remote.AbstractRemoteTestNG.run(AbstractRemoteTestNG.java:115)
at org.testng.remote.RemoteTestNG.initAndRun(RemoteTestNG.java:251)
at org.testng.remote.RemoteTestNG.main(RemoteTestNG.java:77)
]]>
            </full-stacktrace>
          </exception> <!-- java.lang.AssertionError -->
          <reporter-output>
          </reporter-output>
        </test-method> <!-- commands -->
        <test-method status="PASS" signature="f()[pri:0, instance:demo.NewTestNg@c46bcd4]" name="f" duration-ms="11265" started-at="2020-08-19T02:49:55 IST" finished-at="2020-08-19T02:50:07 IST">
          <reporter-output>
          </reporter-output>
        </test-method> <!-- f -->
        <test-method status="PASS" signature="afterClass()[pri:0, instance:demo.NewTestNg@c46bcd4]" name="afterClass" is-config="true" duration-ms="0" started-at="2020-08-19T02:50:07 IST" finished-at="2020-08-19T02:50:07 IST">
          <reporter-output>
          </reporter-output>
        </test-method> <!-- afterClass -->
      </class> <!-- demo.NewTestNg -->
    </test> <!-- Default test -->
  </suite> <!-- Default suite -->
</testng-results>
